<?xml version="1.0" encoding="UTF-8"?>
<testsuites>
  <testsuite name="Panier" timestamp="2022-04-01T12:04:07" time="5.789" tests="4" failures="0" errors="0" skipped="0">
    <properties>
      <property name="specId" value="0"/>
      <property name="suiteName" value="Panier"/>
      <property name="capabilities" value="chrome.99_0_4844_84.linux"/>
      <property name="file" value=".\test\specs\Test4Panier.js"/>
    </properties>
    <testcase classname="chrome.99_0_4844_84.linux.Panier" name="verification si un element existe dans le panier" time="3.402">
      <system-out><![CDATA[
COMMAND: POST /session/228ee3cef8a60c209043297b48ec332b/element - {"using":"xpath","value":"//*[@id=\"tbodyid\"]/tr"}
COMMAND: POST /session/228ee3cef8a60c209043297b48ec332b/url - {"url":"https://www.demoblaze.com/cart.html"}
RESULT: {"url":"https://www.demoblaze.com/cart.html"}
RESULT: {"using":"xpath","value":"//*[@id=\"tbodyid\"]/tr"}
COMMAND: POST /session/228ee3cef8a60c209043297b48ec332b/elements - {"using":"xpath","value":"//*[@id=\"tbodyid\"]/tr"}
RESULT: {"using":"xpath","value":"//*[@id=\"tbodyid\"]/tr"}
COMMAND: POST /session/228ee3cef8a60c209043297b48ec332b/elements - {"using":"xpath","value":"//*[@id=\"tbodyid\"]/tr"}
RESULT: {"using":"xpath","value":"//*[@id=\"tbodyid\"]/tr"}
COMMAND: POST /session/228ee3cef8a60c209043297b48ec332b/elements - {"using":"xpath","value":"//*[@id=\"tbodyid\"]/tr"}
RESULT: {"using":"xpath","value":"//*[@id=\"tbodyid\"]/tr"}
COMMAND: POST /session/228ee3cef8a60c209043297b48ec332b/elements - {"using":"xpath","value":"//*[@id=\"tbodyid\"]/tr"}
RESULT: {"using":"xpath","value":"//*[@id=\"tbodyid\"]/tr"}
]]></system-out>
    </testcase>
    <testcase classname="chrome.99_0_4844_84.linux.Panier" name="clique pour l achat" time="0.287">
      <system-out><![CDATA[
COMMAND: POST /session/228ee3cef8a60c209043297b48ec332b/element - {"using":"xpath","value":"//*[@id=\"page-wrapper\"]/div/div[2]/button"}
RESULT: {"using":"xpath","value":"//*[@id=\"page-wrapper\"]/div/div[2]/button"}
COMMAND: POST /session/228ee3cef8a60c209043297b48ec332b/element/20cdacc1-04a4-4753-93e9-c3f288c23c97/click - {}
RESULT: {}
]]></system-out>
    </testcase>
    <testcase classname="chrome.99_0_4844_84.linux.Panier" name="remplissage du formulaire pour l achat" time="1.906">
      <system-out><![CDATA[
COMMAND: POST /session/228ee3cef8a60c209043297b48ec332b/element - {"using":"xpath","value":"//*[@id=\"name\"]"}
RESULT: {"using":"xpath","value":"//*[@id=\"name\"]"}
COMMAND: POST /session/228ee3cef8a60c209043297b48ec332b/element/ce93c825-5170-4773-99ef-9555b855d2f8/clear - {}
RESULT: {}
COMMAND: POST /session/228ee3cef8a60c209043297b48ec332b/element/ce93c825-5170-4773-99ef-9555b855d2f8/value - {"text":"TONY"}
RESULT: {"text":"TONY"}
COMMAND: POST /session/228ee3cef8a60c209043297b48ec332b/element - {"using":"xpath","value":"//*[@id=\"country\"]"}
RESULT: {"using":"xpath","value":"//*[@id=\"country\"]"}
COMMAND: POST /session/228ee3cef8a60c209043297b48ec332b/element/40ce9f37-e872-4b84-b0a2-31727d1282e5/clear - {}
RESULT: {}
COMMAND: POST /session/228ee3cef8a60c209043297b48ec332b/element/40ce9f37-e872-4b84-b0a2-31727d1282e5/value - {"text":"Congo"}
RESULT: {"text":"Congo"}
COMMAND: POST /session/228ee3cef8a60c209043297b48ec332b/element - {"using":"xpath","value":"//*[@id=\"card\"]"}
RESULT: {"using":"xpath","value":"//*[@id=\"card\"]"}
COMMAND: POST /session/228ee3cef8a60c209043297b48ec332b/element/f7b22273-9310-4f7e-9bdb-c887fef618f8/clear - {}
RESULT: {}
COMMAND: POST /session/228ee3cef8a60c209043297b48ec332b/element/f7b22273-9310-4f7e-9bdb-c887fef618f8/value - {"text":"21AZZ"}
RESULT: {"text":"21AZZ"}
COMMAND: POST /session/228ee3cef8a60c209043297b48ec332b/element - {"using":"xpath","value":"//*[@id=\"city\"]"}
RESULT: {"using":"xpath","value":"//*[@id=\"city\"]"}
COMMAND: POST /session/228ee3cef8a60c209043297b48ec332b/element/4b4e1f68-112d-4dd4-8c10-6e6cccf1281f/clear - {}
RESULT: {}
COMMAND: POST /session/228ee3cef8a60c209043297b48ec332b/element/4b4e1f68-112d-4dd4-8c10-6e6cccf1281f/value - {"text":"Brazzaville"}
RESULT: {"text":"Brazzaville"}
COMMAND: POST /session/228ee3cef8a60c209043297b48ec332b/element - {"using":"xpath","value":"//*[@id=\"month\"]"}
RESULT: {"using":"xpath","value":"//*[@id=\"month\"]"}
COMMAND: POST /session/228ee3cef8a60c209043297b48ec332b/element/f5abebc8-bcd7-4ac6-a1d1-a0f814b1ba7d/clear - {}
RESULT: {}
COMMAND: POST /session/228ee3cef8a60c209043297b48ec332b/element/f5abebc8-bcd7-4ac6-a1d1-a0f814b1ba7d/value - {"text":"janvier"}
RESULT: {"text":"janvier"}
COMMAND: POST /session/228ee3cef8a60c209043297b48ec332b/element - {"using":"xpath","value":"//*[@id=\"year\"]"}
RESULT: {"using":"xpath","value":"//*[@id=\"year\"]"}
COMMAND: POST /session/228ee3cef8a60c209043297b48ec332b/element/dc6211c3-8909-4483-8605-46961d0b1329/clear - {}
RESULT: {}
COMMAND: POST /session/228ee3cef8a60c209043297b48ec332b/element/dc6211c3-8909-4483-8605-46961d0b1329/value - {"text":"2022"}
RESULT: {"text":"2022"}
COMMAND: POST /session/228ee3cef8a60c209043297b48ec332b/element - {"using":"xpath","value":"//*[@id=\"orderModal\"]/div/div/div[3]/button[2]"}
RESULT: {"using":"xpath","value":"//*[@id=\"orderModal\"]/div/div/div[3]/button[2]"}
COMMAND: POST /session/228ee3cef8a60c209043297b48ec332b/element/bfda4aa5-1673-48bb-937f-810a45ec321f/click - {}
RESULT: {}
]]></system-out>
    </testcase>
    <testcase classname="chrome.99_0_4844_84.linux.Panier" name="click apres avoir remplit le formulaire" time="0.168">
      <system-out><![CDATA[
COMMAND: POST /session/228ee3cef8a60c209043297b48ec332b/element - {"using":"xpath","value":"/html/body/div[10]/div[7]/div/button"}
RESULT: {"using":"xpath","value":"/html/body/div[10]/div[7]/div/button"}
COMMAND: POST /session/228ee3cef8a60c209043297b48ec332b/element/2a6c3458-b814-4c70-a82a-9b0557ae3b79/click - {}
RESULT: {}
COMMAND: DELETE /session/228ee3cef8a60c209043297b48ec332b - {}
RESULT: {}
]]></system-out>
    </testcase>
  </testsuite>
</testsuites>